[]-[] 
[]-[] 
[INFO]-[2019/02/25 07:17:57] Scanning / for files
[INFO]-[2019/02/25 07:17:57] Scanning / for files
[INFO]-[2019/02/25 07:17:57] Scanning wp-content folder E:\program\xampp\htdocs\shopfifa4\public_html/wp-content
[INFO]-[2019/02/25 07:17:57] Scanning wp-content folder E:\program\xampp\htdocs\shopfifa4\public_html/wp-content
[INFO]-[2019/02/25 07:18:10] Scanning /wp-includes for its sub-directories and files
[INFO]-[2019/02/25 07:18:10] Scanning /wp-includes for its sub-directories and files
[INFO]-[2019/02/25 07:18:11] Scanning /wp-admin for its sub-directories and files
[INFO]-[2019/02/25 07:18:11] Scanning /wp-admin for its sub-directories and files
[INFO]-[2019/02/25 07:18:12] Copying files...
[INFO]-[2019/02/25 07:18:13] Total 50 files processed
[INFO]-[2019/02/25 07:18:12] Copying files...
[INFO]-[2019/02/25 07:18:13] Total 50 files processed
[INFO]-[2019/02/25 07:18:14] Total 100 files processed
[INFO]-[2019/02/25 07:18:14] Total 100 files processed
[INFO]-[2019/02/25 07:18:15] Total 150 files processed
[INFO]-[2019/02/25 07:18:15] Total 150 files processed
[INFO]-[2019/02/25 07:18:16] Total 200 files processed
[INFO]-[2019/02/25 07:18:16] Total 200 files processed
[INFO]-[2019/02/25 07:18:17] Total 250 files processed
[INFO]-[2019/02/25 07:18:17] Total 250 files processed
[INFO]-[2019/02/25 07:18:18] Total 300 files processed
[INFO]-[2019/02/25 07:18:18] Total 300 files processed
[INFO]-[2019/02/25 07:18:19] Total 350 files processed
[INFO]-[2019/02/25 07:18:19] Total 350 files processed
[INFO]-[2019/02/25 07:18:20] Total 400 files processed
[INFO]-[2019/02/25 07:18:20] Total 400 files processed
[INFO]-[2019/02/25 07:18:21] Total 450 files processed
[INFO]-[2019/02/25 07:18:21] Total 450 files processed
[INFO]-[2019/02/25 07:18:22] Total 500 files processed
[INFO]-[2019/02/25 07:18:22] Total 500 files processed
[INFO]-[2019/02/25 07:18:23] Total 550 files processed
[INFO]-[2019/02/25 07:18:23] Total 550 files processed
[INFO]-[2019/02/25 07:18:24] Total 600 files processed
[INFO]-[2019/02/25 07:18:24] Total 600 files processed
[INFO]-[2019/02/25 07:18:25] Total 650 files processed
[INFO]-[2019/02/25 07:18:25] Total 650 files processed
[INFO]-[2019/02/25 07:18:26] Total 700 files processed
[INFO]-[2019/02/25 07:18:26] Total 700 files processed
[INFO]-[2019/02/25 07:18:27] Total 750 files processed
[INFO]-[2019/02/25 07:18:27] Total 750 files processed
[INFO]-[2019/02/25 07:18:28] Total 800 files processed
[INFO]-[2019/02/25 07:18:28] Total 800 files processed
[INFO]-[2019/02/25 07:18:29] Total 850 files processed
[INFO]-[2019/02/25 07:18:29] Total 850 files processed
[INFO]-[2019/02/25 07:18:31] Total 900 files processed
[INFO]-[2019/02/25 07:18:31] Total 900 files processed
[INFO]-[2019/02/25 07:18:32] Total 950 files processed
[INFO]-[2019/02/25 07:18:32] Total 950 files processed
[INFO]-[2019/02/25 07:18:33] Total 1000 files processed
[INFO]-[2019/02/25 07:18:33] Total 1000 files processed
[INFO]-[2019/02/25 07:18:34] Total 1050 files processed
[INFO]-[2019/02/25 07:18:34] Total 1050 files processed
[INFO]-[2019/02/25 07:18:35] Total 1100 files processed
[INFO]-[2019/02/25 07:18:35] Total 1100 files processed
[INFO]-[2019/02/25 07:18:36] Total 1150 files processed
[INFO]-[2019/02/25 07:18:36] Total 1150 files processed
[INFO]-[2019/02/25 07:18:37] Total 1200 files processed
[INFO]-[2019/02/25 07:18:37] Total 1200 files processed
[INFO]-[2019/02/25 07:18:38] Total 1250 files processed
[INFO]-[2019/02/25 07:18:38] Total 1250 files processed
[INFO]-[2019/02/25 07:18:39] Total 1300 files processed
[INFO]-[2019/02/25 07:18:39] Total 1300 files processed
[INFO]-[2019/02/25 07:18:41] Total 1350 files processed
[INFO]-[2019/02/25 07:18:41] Total 1350 files processed
[INFO]-[2019/02/25 07:18:42] Total 1400 files processed
[INFO]-[2019/02/25 07:18:42] Total 1400 files processed
[INFO]-[2019/02/25 07:18:46] Total 1450 files processed
[INFO]-[2019/02/25 07:18:46] Total 1450 files processed
[INFO]-[2019/02/25 07:18:47] Total 1500 files processed
[INFO]-[2019/02/25 07:18:47] Total 1500 files processed
[INFO]-[2019/02/25 07:18:49] Total 1550 files processed
[INFO]-[2019/02/25 07:18:49] Total 1550 files processed
[INFO]-[2019/02/25 07:18:51] Total 1600 files processed
[INFO]-[2019/02/25 07:18:51] Total 1600 files processed
[INFO]-[2019/02/25 07:18:53] Total 1650 files processed
[INFO]-[2019/02/25 07:18:53] Total 1650 files processed
[INFO]-[2019/02/25 07:18:55] Trying to copy big file: E:\program\xampp\htdocs\shopfifa4\public_html\wp-content/plugins\jetpack\_inc\build\admin.js -> E:/program/xampp/htdocs/shopfifa4/public_html/1551079074503/wp-content/plugins/jetpack/_inc/build/admin.js
[INFO]-[2019/02/25 07:18:55] Total 1700 files processed
[INFO]-[2019/02/25 07:18:55] Trying to copy big file: E:\program\xampp\htdocs\shopfifa4\public_html\wp-content/plugins\jetpack\_inc\build\admin.js -> E:/program/xampp/htdocs/shopfifa4/public_html/1551079074503/wp-content/plugins/jetpack/_inc/build/admin.js
[INFO]-[2019/02/25 07:18:55] Total 1700 files processed
[INFO]-[2019/02/25 07:18:58] Total 1750 files processed
[INFO]-[2019/02/25 07:18:58] Total 1750 files processed
[INFO]-[2019/02/25 07:18:59] Total 1800 files processed
[INFO]-[2019/02/25 07:18:59] Total 1800 files processed
[INFO]-[2019/02/25 07:19:01] Total 1850 files processed
[INFO]-[2019/02/25 07:19:01] Total 1850 files processed
[INFO]-[2019/02/25 07:19:03] Total 1900 files processed
[INFO]-[2019/02/25 07:19:03] Total 1900 files processed
[INFO]-[2019/02/25 07:19:05] Total 1950 files processed
[INFO]-[2019/02/25 07:19:05] Total 1950 files processed
[INFO]-[2019/02/25 07:19:07] Total 2000 files processed
[INFO]-[2019/02/25 07:19:07] Total 2000 files processed
[INFO]-[2019/02/25 07:19:09] Total 2050 files processed
[INFO]-[2019/02/25 07:19:09] Total 2050 files processed
[INFO]-[2019/02/25 07:19:11] Total 2100 files processed
[INFO]-[2019/02/25 07:19:11] Total 2100 files processed
[INFO]-[2019/02/25 07:19:13] Total 2150 files processed
[INFO]-[2019/02/25 07:19:13] Total 2150 files processed
[INFO]-[2019/02/25 07:19:15] Trying to copy big file: E:\program\xampp\htdocs\shopfifa4\public_html\wp-content/plugins\woocommerce\assets\css\jquery-ui\jquery-ui-rtl.css -> E:/program/xampp/htdocs/shopfifa4/public_html/1551079074503/wp-content/plugins/woocommerce/assets/css/jquery-ui/jquery-ui-rtl.css
[INFO]-[2019/02/25 07:19:15] Trying to copy big file: E:\program\xampp\htdocs\shopfifa4\public_html\wp-content/plugins\woocommerce\assets\css\jquery-ui\jquery-ui.css -> E:/program/xampp/htdocs/shopfifa4/public_html/1551079074503/wp-content/plugins/woocommerce/assets/css/jquery-ui/jquery-ui.css
[INFO]-[2019/02/25 07:19:15] Total 2200 files processed
[INFO]-[2019/02/25 07:19:15] Trying to copy big file: E:\program\xampp\htdocs\shopfifa4\public_html\wp-content/plugins\woocommerce\assets\css\jquery-ui\jquery-ui-rtl.css -> E:/program/xampp/htdocs/shopfifa4/public_html/1551079074503/wp-content/plugins/woocommerce/assets/css/jquery-ui/jquery-ui-rtl.css
[INFO]-[2019/02/25 07:19:15] Trying to copy big file: E:\program\xampp\htdocs\shopfifa4\public_html\wp-content/plugins\woocommerce\assets\css\jquery-ui\jquery-ui.css -> E:/program/xampp/htdocs/shopfifa4/public_html/1551079074503/wp-content/plugins/woocommerce/assets/css/jquery-ui/jquery-ui.css
[INFO]-[2019/02/25 07:19:15] Total 2200 files processed
[INFO]-[2019/02/25 07:19:17] Total 2250 files processed
[INFO]-[2019/02/25 07:19:17] Total 2250 files processed
[INFO]-[2019/02/25 07:19:19] Total 2300 files processed
[INFO]-[2019/02/25 07:19:19] Total 2300 files processed
[INFO]-[2019/02/25 07:19:21] Total 2350 files processed
[INFO]-[2019/02/25 07:19:21] Total 2350 files processed
[INFO]-[2019/02/25 07:19:23] Total 2400 files processed
[INFO]-[2019/02/25 07:19:23] Total 2400 files processed
[INFO]-[2019/02/25 07:19:25] Total 2450 files processed
[INFO]-[2019/02/25 07:19:25] Total 2450 files processed
[INFO]-[2019/02/25 07:19:27] Total 2500 files processed
[INFO]-[2019/02/25 07:19:27] Total 2500 files processed
[INFO]-[2019/02/25 07:19:29] Total 2550 files processed
[INFO]-[2019/02/25 07:19:29] Total 2550 files processed
[INFO]-[2019/02/25 07:19:31] Total 2600 files processed
[INFO]-[2019/02/25 07:19:31] Total 2600 files processed
[INFO]-[2019/02/25 07:19:33] Total 2650 files processed
[INFO]-[2019/02/25 07:19:33] Total 2650 files processed
[INFO]-[2019/02/25 07:19:35] Total 2700 files processed
[INFO]-[2019/02/25 07:19:35] Total 2700 files processed
[INFO]-[2019/02/25 07:19:37] Total 2750 files processed
[INFO]-[2019/02/25 07:19:37] Total 2750 files processed
[INFO]-[2019/02/25 07:19:39] Total 2800 files processed
[INFO]-[2019/02/25 07:19:39] Total 2800 files processed
[INFO]-[2019/02/25 07:19:41] Total 2850 files processed
[INFO]-[2019/02/25 07:19:41] Total 2850 files processed
[INFO]-[2019/02/25 07:19:44] Total 2900 files processed
[INFO]-[2019/02/25 07:19:44] Total 2900 files processed
[INFO]-[2019/02/25 07:19:46] Total 2950 files processed
[INFO]-[2019/02/25 07:19:46] Total 2950 files processed
[INFO]-[2019/02/25 07:19:48] Total 3000 files processed
[INFO]-[2019/02/25 07:19:48] Total 3000 files processed
[INFO]-[2019/02/25 07:19:50] Total 3050 files processed
[INFO]-[2019/02/25 07:19:50] Total 3050 files processed
[INFO]-[2019/02/25 07:19:52] Total 3100 files processed
[INFO]-[2019/02/25 07:19:52] Total 3100 files processed
[INFO]-[2019/02/25 07:19:54] Total 3150 files processed
[INFO]-[2019/02/25 07:19:54] Total 3150 files processed
[INFO]-[2019/02/25 07:19:56] Total 3200 files processed
[INFO]-[2019/02/25 07:19:56] Total 3200 files processed
[INFO]-[2019/02/25 07:19:58] Total 3250 files processed
[INFO]-[2019/02/25 07:19:58] Total 3250 files processed
[INFO]-[2019/02/25 07:19:59] Total 3300 files processed
[INFO]-[2019/02/25 07:19:59] Total 3300 files processed
[INFO]-[2019/02/25 07:20:01] Total 3350 files processed
[INFO]-[2019/02/25 07:20:01] Total 3350 files processed
[INFO]-[2019/02/25 07:20:03] Total 3400 files processed
[INFO]-[2019/02/25 07:20:03] Total 3400 files processed
[INFO]-[2019/02/25 07:20:05] Total 3450 files processed
[INFO]-[2019/02/25 07:20:05] Total 3450 files processed
[INFO]-[2019/02/25 07:20:07] Total 3500 files processed
[INFO]-[2019/02/25 07:20:07] Total 3500 files processed
[INFO]-[2019/02/25 07:20:09] Total 3550 files processed
[INFO]-[2019/02/25 07:20:09] Total 3550 files processed
[INFO]-[2019/02/25 07:20:11] Total 3600 files processed
[INFO]-[2019/02/25 07:20:11] Total 3600 files processed
[INFO]-[2019/02/25 07:20:13] Total 3650 files processed
[INFO]-[2019/02/25 07:20:13] Total 3650 files processed
[INFO]-[2019/02/25 07:20:15] Total 3700 files processed
[INFO]-[2019/02/25 07:20:15] Total 3700 files processed
[INFO]-[2019/02/25 07:20:17] Total 3750 files processed
[INFO]-[2019/02/25 07:20:17] Total 3750 files processed
[INFO]-[2019/02/25 07:20:20] Total 3800 files processed
[INFO]-[2019/02/25 07:20:20] Total 3800 files processed
[INFO]-[2019/02/25 07:20:21] Total 3850 files processed
[INFO]-[2019/02/25 07:20:21] Total 3850 files processed
[INFO]-[2019/02/25 07:20:22] Total 3900 files processed
[INFO]-[2019/02/25 07:20:22] Total 3900 files processed
[INFO]-[2019/02/25 07:20:24] Total 3950 files processed
[INFO]-[2019/02/25 07:20:24] Total 3950 files processed
[INFO]-[2019/02/25 07:20:25] Total 4000 files processed
[INFO]-[2019/02/25 07:20:25] Total 4000 files processed
[INFO]-[2019/02/25 07:20:26] Total 4050 files processed
[INFO]-[2019/02/25 07:20:26] Total 4050 files processed
[INFO]-[2019/02/25 07:20:27] Total 4100 files processed
[INFO]-[2019/02/25 07:20:27] Total 4100 files processed
[INFO]-[2019/02/25 07:20:28] Total 4150 files processed
[INFO]-[2019/02/25 07:20:28] Total 4150 files processed
[INFO]-[2019/02/25 07:20:29] Total 4200 files processed
[INFO]-[2019/02/25 07:20:29] Total 4200 files processed
[INFO]-[2019/02/25 07:20:30] Total 4250 files processed
[INFO]-[2019/02/25 07:20:30] Total 4250 files processed
[INFO]-[2019/02/25 07:20:31] Trying to copy big file: E:\program\xampp\htdocs\shopfifa4\public_html\wp-content/plugins\wordpress-seo\js\dist\analysis-960.min.js -> E:/program/xampp/htdocs/shopfifa4/public_html/1551079074503/wp-content/plugins/wordpress-seo/js/dist/analysis-960.min.js
[INFO]-[2019/02/25 07:20:31] Total 4300 files processed
[INFO]-[2019/02/25 07:20:31] Trying to copy big file: E:\program\xampp\htdocs\shopfifa4\public_html\wp-content/plugins\wordpress-seo\js\dist\analysis-960.min.js -> E:/program/xampp/htdocs/shopfifa4/public_html/1551079074503/wp-content/plugins/wordpress-seo/js/dist/analysis-960.min.js
[INFO]-[2019/02/25 07:20:31] Total 4300 files processed
[INFO]-[2019/02/25 07:20:32] Total 4350 files processed
[INFO]-[2019/02/25 07:20:32] Total 4350 files processed
[INFO]-[2019/02/25 07:20:33] Trying to copy big file: E:\program\xampp\htdocs\shopfifa4\public_html\wp-content/plugins\wordpress-seo\js\dist\wp-seo-analysis-worker-960.min.js -> E:/program/xampp/htdocs/shopfifa4/public_html/1551079074503/wp-content/plugins/wordpress-seo/js/dist/wp-seo-analysis-worker-960.min.js
[INFO]-[2019/02/25 07:20:33] Total 4400 files processed
[INFO]-[2019/02/25 07:20:33] Trying to copy big file: E:\program\xampp\htdocs\shopfifa4\public_html\wp-content/plugins\wordpress-seo\js\dist\wp-seo-analysis-worker-960.min.js -> E:/program/xampp/htdocs/shopfifa4/public_html/1551079074503/wp-content/plugins/wordpress-seo/js/dist/wp-seo-analysis-worker-960.min.js
[INFO]-[2019/02/25 07:20:33] Total 4400 files processed
[INFO]-[2019/02/25 07:20:34] Total 4450 files processed
[INFO]-[2019/02/25 07:20:34] Total 4450 files processed
[INFO]-[2019/02/25 07:20:35] Total 4500 files processed
[INFO]-[2019/02/25 07:20:35] Total 4500 files processed
[INFO]-[2019/02/25 07:20:36] Total 4550 files processed
[INFO]-[2019/02/25 07:20:36] Total 4550 files processed
[INFO]-[2019/02/25 07:20:37] Total 4600 files processed
[INFO]-[2019/02/25 07:20:37] Total 4600 files processed
[INFO]-[2019/02/25 07:20:39] Total 4650 files processed
[INFO]-[2019/02/25 07:20:39] Total 4650 files processed
[INFO]-[2019/02/25 07:20:41] Total 4700 files processed
[INFO]-[2019/02/25 07:20:41] Total 4700 files processed
[INFO]-[2019/02/25 07:20:42] Total 4750 files processed
[INFO]-[2019/02/25 07:20:42] Total 4750 files processed
[INFO]-[2019/02/25 07:20:45] Total 4800 files processed
[INFO]-[2019/02/25 07:20:45] Total 4800 files processed
[INFO]-[2019/02/25 07:20:46] Total 4850 files processed
[INFO]-[2019/02/25 07:20:46] Total 4850 files processed
[INFO]-[2019/02/25 07:20:47] Total 4900 files processed
[INFO]-[2019/02/25 07:20:47] Total 4900 files processed
[INFO]-[2019/02/25 07:20:48] Total 4950 files processed
[INFO]-[2019/02/25 07:20:48] Total 4950 files processed
[INFO]-[2019/02/25 07:20:49] Total 5000 files processed
[INFO]-[2019/02/25 07:20:49] Total 5000 files processed
[INFO]-[2019/02/25 07:20:50] Total 5050 files processed
[INFO]-[2019/02/25 07:20:50] Total 5050 files processed
[INFO]-[2019/02/25 07:20:52] Total 5100 files processed
[INFO]-[2019/02/25 07:20:52] Total 5100 files processed
[INFO]-[2019/02/25 07:20:53] Skipping big file: E:\program\xampp\htdocs\shopfifa4\public_html\wp-content/plugins.zip
[INFO]-[2019/02/25 07:20:53] Total 5150 files processed
[INFO]-[2019/02/25 07:20:53] Skipping big file: E:\program\xampp\htdocs\shopfifa4\public_html\wp-content/plugins.zip
[INFO]-[2019/02/25 07:20:53] Total 5150 files processed
[INFO]-[2019/02/25 07:20:54] Total 5200 files processed
[INFO]-[2019/02/25 07:20:54] Total 5200 files processed
[INFO]-[2019/02/25 07:20:55] Total 5250 files processed
[INFO]-[2019/02/25 07:20:55] Total 5250 files processed
[INFO]-[2019/02/25 07:20:56] Total 5300 files processed
[INFO]-[2019/02/25 07:20:56] Total 5300 files processed
[INFO]-[2019/02/25 07:20:58] Total 5350 files processed
[INFO]-[2019/02/25 07:20:58] Total 5350 files processed
[INFO]-[2019/02/25 07:20:59] Total 5400 files processed
[INFO]-[2019/02/25 07:20:59] Total 5400 files processed
[INFO]-[2019/02/25 07:21:01] Total 5450 files processed
[INFO]-[2019/02/25 07:21:01] Total 5450 files processed
[INFO]-[2019/02/25 07:21:02] Total 5500 files processed
[INFO]-[2019/02/25 07:21:02] Total 5500 files processed
[INFO]-[2019/02/25 07:21:03] Total 5550 files processed
[INFO]-[2019/02/25 07:21:03] Total 5550 files processed
[INFO]-[2019/02/25 07:21:05] Total 5600 files processed
[INFO]-[2019/02/25 07:21:05] Total 5600 files processed
[INFO]-[2019/02/25 07:21:06] Total 5650 files processed
[INFO]-[2019/02/25 07:21:06] Total 5650 files processed
[INFO]-[2019/02/25 07:21:07] Total 5700 files processed
[INFO]-[2019/02/25 07:21:07] Total 5700 files processed
[INFO]-[2019/02/25 07:21:09] Total 5750 files processed
[INFO]-[2019/02/25 07:21:09] Total 5750 files processed
[INFO]-[2019/02/25 07:21:10] Total 5800 files processed
[INFO]-[2019/02/25 07:21:10] Total 5800 files processed
[INFO]-[2019/02/25 07:21:11] Total 5850 files processed
[INFO]-[2019/02/25 07:21:11] Total 5850 files processed
[INFO]-[2019/02/25 07:21:12] Total 5900 files processed
[INFO]-[2019/02/25 07:21:12] Total 5900 files processed
[INFO]-[2019/02/25 07:21:14] Total 5950 files processed
[INFO]-[2019/02/25 07:21:14] Total 5950 files processed
[INFO]-[2019/02/25 07:21:15] Total 6000 files processed
[INFO]-[2019/02/25 07:21:15] Total 6000 files processed
[INFO]-[2019/02/25 07:21:16] Total 6050 files processed
[INFO]-[2019/02/25 07:21:16] Total 6050 files processed
[INFO]-[2019/02/25 07:21:18] Total 6100 files processed
[INFO]-[2019/02/25 07:21:18] Total 6100 files processed
[INFO]-[2019/02/25 07:21:19] Total 6150 files processed
[INFO]-[2019/02/25 07:21:19] Total 6150 files processed
[INFO]-[2019/02/25 07:21:20] Total 6200 files processed
[INFO]-[2019/02/25 07:21:20] Total 6200 files processed
[INFO]-[2019/02/25 07:21:22] Total 6250 files processed
[INFO]-[2019/02/25 07:21:22] Total 6250 files processed
[INFO]-[2019/02/25 07:21:23] Total 6300 files processed
[INFO]-[2019/02/25 07:21:23] Total 6300 files processed
[INFO]-[2019/02/25 07:21:24] Total 6350 files processed
[INFO]-[2019/02/25 07:21:24] Total 6350 files processed
[INFO]-[2019/02/25 07:21:25] Total 6400 files processed
[INFO]-[2019/02/25 07:21:25] Total 6400 files processed
[INFO]-[2019/02/25 07:21:27] Total 6450 files processed
[INFO]-[2019/02/25 07:21:27] Total 6450 files processed
[INFO]-[2019/02/25 07:21:28] Total 6500 files processed
[INFO]-[2019/02/25 07:21:28] Total 6500 files processed
[INFO]-[2019/02/25 07:21:29] Total 6550 files processed
[INFO]-[2019/02/25 07:21:29] Total 6550 files processed
[INFO]-[2019/02/25 07:21:30] Total 6600 files processed
[INFO]-[2019/02/25 07:21:30] Total 6600 files processed
[INFO]-[2019/02/25 07:21:32] Total 6650 files processed
[INFO]-[2019/02/25 07:21:32] Total 6650 files processed
[INFO]-[2019/02/25 07:21:33] Total 6700 files processed
[INFO]-[2019/02/25 07:21:33] Total 6700 files processed
[INFO]-[2019/02/25 07:21:34] Total 6750 files processed
[INFO]-[2019/02/25 07:21:34] Total 6750 files processed
[INFO]-[2019/02/25 07:21:36] Total 6800 files processed
[INFO]-[2019/02/25 07:21:36] Total 6800 files processed
[INFO]-[2019/02/25 07:21:37] Total 6850 files processed
[INFO]-[2019/02/25 07:21:37] Total 6850 files processed
[INFO]-[2019/02/25 07:21:38] Total 6900 files processed
[INFO]-[2019/02/25 07:21:38] Total 6900 files processed
[INFO]-[2019/02/25 07:21:39] Total 6950 files processed
[INFO]-[2019/02/25 07:21:39] Total 6950 files processed
[INFO]-[2019/02/25 07:21:41] Total 7000 files processed
[INFO]-[2019/02/25 07:21:41] Total 7000 files processed
[INFO]-[2019/02/25 07:21:42] Total 7050 files processed
[INFO]-[2019/02/25 07:21:42] Total 7050 files processed
[INFO]-[2019/02/25 07:21:44] Total 7100 files processed
[INFO]-[2019/02/25 07:21:44] Total 7100 files processed
[INFO]-[2019/02/25 07:21:45] Total 7150 files processed
[INFO]-[2019/02/25 07:21:45] Total 7150 files processed
[INFO]-[2019/02/25 07:21:46] Total 7200 files processed
[INFO]-[2019/02/25 07:21:46] Total 7200 files processed
[INFO]-[2019/02/25 07:21:47] Total 7250 files processed
[INFO]-[2019/02/25 07:21:47] Total 7250 files processed
[INFO]-[2019/02/25 07:21:48] Total 7300 files processed
[INFO]-[2019/02/25 07:21:48] Total 7300 files processed
[INFO]-[2019/02/25 07:21:50] Total 7350 files processed
[INFO]-[2019/02/25 07:21:50] Total 7350 files processed
[INFO]-[2019/02/25 07:21:51] Total 7400 files processed
[INFO]-[2019/02/25 07:21:51] Total 7400 files processed
[INFO]-[2019/02/25 07:21:52] Total 7450 files processed
[INFO]-[2019/02/25 07:21:52] Total 7450 files processed
[INFO]-[2019/02/25 07:21:53] Total 7500 files processed
[INFO]-[2019/02/25 07:21:53] Total 7500 files processed
[INFO]-[2019/02/25 07:21:55] Total 7550 files processed
[INFO]-[2019/02/25 07:21:55] Total 7550 files processed
[INFO]-[2019/02/25 07:21:56] Total 7600 files processed
[INFO]-[2019/02/25 07:21:56] Total 7600 files processed
[INFO]-[2019/02/25 07:21:57] Total 7650 files processed
[INFO]-[2019/02/25 07:21:57] Total 7650 files processed
[INFO]-[2019/02/25 07:21:58] Total 7700 files processed
[INFO]-[2019/02/25 07:21:58] Total 7700 files processed
[INFO]-[2019/02/25 07:21:59] Total 7750 files processed
[INFO]-[2019/02/25 07:21:59] Total 7750 files processed
[INFO]-[2019/02/25 07:22:01] Total 7800 files processed
[INFO]-[2019/02/25 07:22:01] Total 7800 files processed
[INFO]-[2019/02/25 07:22:02] Total 7850 files processed
[INFO]-[2019/02/25 07:22:02] Total 7850 files processed
[INFO]-[2019/02/25 07:22:02] Skipping big file: E:\program\xampp\htdocs\shopfifa4\public_html\wp-content/themes\storefront\assets\images\phone.gif
[INFO]-[2019/02/25 07:22:03] Total 7900 files processed
[INFO]-[2019/02/25 07:22:02] Skipping big file: E:\program\xampp\htdocs\shopfifa4\public_html\wp-content/themes\storefront\assets\images\phone.gif
[INFO]-[2019/02/25 07:22:03] Total 7900 files processed
[INFO]-[2019/02/25 07:22:05] Total 7950 files processed
[INFO]-[2019/02/25 07:22:05] Total 7950 files processed
[INFO]-[2019/02/25 07:22:06] Total 8000 files processed
[INFO]-[2019/02/25 07:22:06] Total 8000 files processed
[INFO]-[2019/02/25 07:22:07] Total 8050 files processed
[INFO]-[2019/02/25 07:22:07] Total 8050 files processed
[INFO]-[2019/02/25 07:22:08] Total 8100 files processed
[INFO]-[2019/02/25 07:22:08] Total 8100 files processed
[INFO]-[2019/02/25 07:22:10] Total 8150 files processed
[INFO]-[2019/02/25 07:22:10] Total 8150 files processed
[INFO]-[2019/02/25 07:22:11] Total 8200 files processed
[INFO]-[2019/02/25 07:22:11] Total 8200 files processed
[INFO]-[2019/02/25 07:22:12] Total 8250 files processed
[INFO]-[2019/02/25 07:22:12] Total 8250 files processed
[INFO]-[2019/02/25 07:22:14] Total 8300 files processed
[INFO]-[2019/02/25 07:22:14] Total 8300 files processed
[INFO]-[2019/02/25 07:22:15] Total 8350 files processed
[INFO]-[2019/02/25 07:22:15] Total 8350 files processed
[INFO]-[2019/02/25 07:22:17] Total 8400 files processed
[INFO]-[2019/02/25 07:22:17] Total 8400 files processed
[INFO]-[2019/02/25 07:22:18] Total 8450 files processed
[INFO]-[2019/02/25 07:22:18] Total 8450 files processed
[INFO]-[2019/02/25 07:22:19] Total 8500 files processed
[INFO]-[2019/02/25 07:22:19] Total 8500 files processed
[INFO]-[2019/02/25 07:22:21] Total 8550 files processed
[INFO]-[2019/02/25 07:22:21] Total 8550 files processed
[INFO]-[2019/02/25 07:22:22] Total 8600 files processed
[INFO]-[2019/02/25 07:22:22] Total 8600 files processed
[INFO]-[2019/02/25 07:22:23] Total 8650 files processed
[INFO]-[2019/02/25 07:22:23] Total 8650 files processed
[INFO]-[2019/02/25 07:22:25] Total 8700 files processed
[INFO]-[2019/02/25 07:22:25] Total 8700 files processed
[INFO]-[2019/02/25 07:22:26] Total 8750 files processed
[INFO]-[2019/02/25 07:22:26] Total 8750 files processed
[INFO]-[2019/02/25 07:22:28] Total 8800 files processed
[INFO]-[2019/02/25 07:22:28] Total 8800 files processed
[INFO]-[2019/02/25 07:22:29] Total 8850 files processed
[INFO]-[2019/02/25 07:22:29] Total 8850 files processed
[INFO]-[2019/02/25 07:22:30] Total 8900 files processed
[INFO]-[2019/02/25 07:22:30] Total 8900 files processed
[INFO]-[2019/02/25 07:22:32] Total 8950 files processed
[INFO]-[2019/02/25 07:22:32] Total 8950 files processed
[INFO]-[2019/02/25 07:22:33] Total 9000 files processed
[INFO]-[2019/02/25 07:22:33] Total 9000 files processed
[INFO]-[2019/02/25 07:22:34] Total 9050 files processed
[INFO]-[2019/02/25 07:22:34] Total 9050 files processed
[INFO]-[2019/02/25 07:22:36] Total 9100 files processed
[INFO]-[2019/02/25 07:22:36] Total 9100 files processed
[INFO]-[2019/02/25 07:22:37] Total 9150 files processed
[INFO]-[2019/02/25 07:22:37] Total 9150 files processed
[INFO]-[2019/02/25 07:22:38] Total 9200 files processed
[INFO]-[2019/02/25 07:22:38] Total 9200 files processed
[INFO]-[2019/02/25 07:22:40] Total 9250 files processed
[INFO]-[2019/02/25 07:22:40] Total 9250 files processed
[INFO]-[2019/02/25 07:22:41] Total 9300 files processed
[INFO]-[2019/02/25 07:22:41] Total 9300 files processed
[INFO]-[2019/02/25 07:22:42] Total 9350 files processed
[INFO]-[2019/02/25 07:22:42] Total 9350 files processed
[INFO]-[2019/02/25 07:22:44] Total 9400 files processed
[INFO]-[2019/02/25 07:22:44] Total 9400 files processed
[INFO]-[2019/02/25 07:22:46] Total 9450 files processed
[INFO]-[2019/02/25 07:22:46] Total 9450 files processed
[INFO]-[2019/02/25 07:22:47] Total 9500 files processed
[INFO]-[2019/02/25 07:22:47] Total 9500 files processed
[INFO]-[2019/02/25 07:22:48] Total 9550 files processed
[INFO]-[2019/02/25 07:22:48] Total 9550 files processed
[INFO]-[2019/02/25 07:22:49] Total 9600 files processed
[INFO]-[2019/02/25 07:22:49] Total 9600 files processed
[INFO]-[2019/02/25 07:22:51] Total 9650 files processed
[INFO]-[2019/02/25 07:22:51] Total 9650 files processed
[INFO]-[2019/02/25 07:22:52] Total 9700 files processed
[INFO]-[2019/02/25 07:22:52] Total 9700 files processed
[INFO]-[2019/02/25 07:22:53] Total 9750 files processed
[INFO]-[2019/02/25 07:22:53] Total 9750 files processed
[INFO]-[2019/02/25 07:22:54] Total 9800 files processed
[INFO]-[2019/02/25 07:22:54] Total 9800 files processed
[INFO]-[2019/02/25 07:22:56] Total 9850 files processed
[INFO]-[2019/02/25 07:22:56] Total 9850 files processed
[INFO]-[2019/02/25 07:22:57] Total 9900 files processed
[INFO]-[2019/02/25 07:22:57] Total 9900 files processed
[INFO]-[2019/02/25 07:22:58] Total 9950 files processed
[INFO]-[2019/02/25 07:22:58] Total 9950 files processed
[INFO]-[2019/02/25 07:23:00] Total 10000 files processed
[INFO]-[2019/02/25 07:23:00] Total 10000 files processed
[INFO]-[2019/02/25 07:23:01] Total 10050 files processed
[INFO]-[2019/02/25 07:23:01] Total 10050 files processed
[INFO]-[2019/02/25 07:23:02] Total 10100 files processed
[INFO]-[2019/02/25 07:23:02] Total 10100 files processed
[INFO]-[2019/02/25 07:23:04] Total 10150 files processed
[INFO]-[2019/02/25 07:23:04] Total 10150 files processed
[INFO]-[2019/02/25 07:23:05] Total 10200 files processed
[INFO]-[2019/02/25 07:23:05] Total 10200 files processed
[INFO]-[2019/02/25 07:23:06] Total 10250 files processed
[INFO]-[2019/02/25 07:23:06] Total 10250 files processed
[INFO]-[2019/02/25 07:23:08] Total 10300 files processed
[INFO]-[2019/02/25 07:23:08] Total 10300 files processed
[INFO]-[2019/02/25 07:23:09] Total 10350 files processed
[INFO]-[2019/02/25 07:23:09] Total 10350 files processed
[INFO]-[2019/02/25 07:23:10] Total 10400 files processed
[INFO]-[2019/02/25 07:23:10] Total 10400 files processed
[INFO]-[2019/02/25 07:23:11] Total 10450 files processed
[INFO]-[2019/02/25 07:23:11] Total 10450 files processed
[INFO]-[2019/02/25 07:23:13] Total 10500 files processed
[INFO]-[2019/02/25 07:23:13] Total 10500 files processed
[INFO]-[2019/02/25 07:23:14] Total 10550 files processed
[INFO]-[2019/02/25 07:23:14] Total 10550 files processed
[INFO]-[2019/02/25 07:23:16] Total 10600 files processed
[INFO]-[2019/02/25 07:23:16] Total 10600 files processed
[INFO]-[2019/02/25 07:23:17] Total 10650 files processed
[INFO]-[2019/02/25 07:23:17] Total 10650 files processed
[INFO]-[2019/02/25 07:23:18] Total 10700 files processed
[INFO]-[2019/02/25 07:23:18] Total 10700 files processed
[INFO]-[2019/02/25 07:23:19] Total 10750 files processed
[INFO]-[2019/02/25 07:23:19] Total 10750 files processed
[INFO]-[2019/02/25 07:23:20] Total 10800 files processed
[INFO]-[2019/02/25 07:23:20] Total 10800 files processed
[INFO]-[2019/02/25 07:23:21] Total 10850 files processed
[INFO]-[2019/02/25 07:23:21] Total 10850 files processed
[INFO]-[2019/02/25 07:23:22] Total 10900 files processed
[INFO]-[2019/02/25 07:23:22] Total 10900 files processed
[INFO]-[2019/02/25 07:23:24] Total 10950 files processed
[INFO]-[2019/02/25 07:23:24] Total 10950 files processed
[INFO]-[2019/02/25 07:23:25] Total 11000 files processed
[INFO]-[2019/02/25 07:23:25] Total 11000 files processed
